<?xml version="1.0" encoding="UTF-8"?>
<coverage generated="1666914508797" clover="3.2.0">
  <project timestamp="1666914508797" name="All files">
    <metrics statements="76" coveredstatements="70" conditionals="33" coveredconditionals="25" methods="33" coveredmethods="32" elements="142" coveredelements="127" complexity="0" loc="76" ncloc="76" packages="1" files="2" classes="2"/>
    <file name="actions.js" path="/Users/yjkuo/Desktop/Rice/COMP531/hw5/src/app/reducers/actions.js">
      <metrics statements="22" coveredstatements="21" conditionals="0" coveredconditionals="0" methods="11" coveredmethods="10"/>
      <line num="4" count="1" type="stmt"/>
      <line num="5" count="1" type="stmt"/>
      <line num="6" count="1" type="stmt"/>
      <line num="7" count="1" type="stmt"/>
      <line num="8" count="1" type="stmt"/>
      <line num="9" count="1" type="stmt"/>
      <line num="10" count="1" type="stmt"/>
      <line num="11" count="1" type="stmt"/>
      <line num="12" count="1" type="stmt"/>
      <line num="13" count="1" type="stmt"/>
      <line num="14" count="1" type="stmt"/>
      <line num="18" count="1" type="stmt"/>
      <line num="22" count="4" type="stmt"/>
      <line num="26" count="5" type="stmt"/>
      <line num="30" count="1" type="stmt"/>
      <line num="34" count="1" type="stmt"/>
      <line num="38" count="1" type="stmt"/>
      <line num="42" count="1" type="stmt"/>
      <line num="46" count="1" type="stmt"/>
      <line num="50" count="1" type="stmt"/>
      <line num="54" count="0" type="stmt"/>
      <line num="58" count="1" type="stmt"/>
    </file>
    <file name="reducers.js" path="/Users/yjkuo/Desktop/Rice/COMP531/hw5/src/app/reducers/reducers.js">
      <metrics statements="54" coveredstatements="49" conditionals="33" coveredconditionals="25" methods="22" coveredmethods="22"/>
      <line num="3" count="1" type="stmt"/>
      <line num="14" count="7" type="stmt"/>
      <line num="15" count="7" type="cond" truecount="2" falsecount="0"/>
      <line num="16" count="3" type="stmt"/>
      <line num="21" count="17" type="cond" truecount="10" falsecount="2"/>
      <line num="23" count="1" type="stmt"/>
      <line num="24" count="1" type="stmt"/>
      <line num="25" count="100" type="stmt"/>
      <line num="26" count="1" type="stmt"/>
      <line num="28" count="4" type="cond" truecount="2" falsecount="0"/>
      <line num="29" count="20" type="stmt"/>
      <line num="30" count="2" type="stmt"/>
      <line num="32" count="5" type="cond" truecount="1" falsecount="1"/>
      <line num="33" count="0" type="stmt"/>
      <line num="39" count="5" type="cond" truecount="2" falsecount="0"/>
      <line num="40" count="100" type="stmt"/>
      <line num="41" count="40" type="stmt"/>
      <line num="42" count="40" type="stmt"/>
      <line num="43" count="4" type="stmt"/>
      <line num="44" count="12" type="cond" truecount="1" falsecount="1"/>
      <line num="45" count="40" type="stmt"/>
      <line num="46" count="100" type="stmt"/>
      <line num="47" count="4" type="stmt"/>
      <line num="49" count="4" type="stmt"/>
      <line num="57" count="1" type="stmt"/>
      <line num="61" count="3" type="stmt"/>
      <line num="62" count="100" type="cond" truecount="2" falsecount="0"/>
      <line num="63" count="40" type="cond" truecount="2" falsecount="0"/>
      <line num="64" count="1" type="stmt"/>
      <line num="67" count="1" type="stmt"/>
      <line num="68" count="1" type="stmt"/>
      <line num="69" count="1" type="stmt"/>
      <line num="77" count="1" type="stmt"/>
      <line num="80" count="3" type="cond" truecount="1" falsecount="1"/>
      <line num="81" count="10" type="stmt"/>
      <line num="83" count="1" type="stmt"/>
      <line num="84" count="100" type="stmt"/>
      <line num="85" count="1" type="stmt"/>
      <line num="88" count="4" type="stmt"/>
      <line num="89" count="20" type="stmt"/>
      <line num="90" count="1" type="stmt"/>
      <line num="93" count="10" type="stmt"/>
      <line num="94" count="10" type="cond" truecount="1" falsecount="1"/>
      <line num="96" count="1" type="stmt"/>
      <line num="99" count="1" type="stmt"/>
      <line num="100" count="1" type="stmt"/>
      <line num="104" count="1" type="stmt"/>
      <line num="107" count="0" type="stmt"/>
      <line num="108" count="0" type="cond" truecount="0" falsecount="2"/>
      <line num="109" count="0" type="stmt"/>
      <line num="111" count="1" type="stmt"/>
      <line num="118" count="1" type="stmt"/>
      <line num="119" count="1" type="stmt"/>
      <line num="121" count="0" type="stmt"/>
    </file>
  </project>
</coverage>
