{"/Users/yjkuo/Desktop/Rice/COMP531/hw5/src/app/reducers/actions.js": {"path":"/Users/yjkuo/Desktop/Rice/COMP531/hw5/src/app/reducers/actions.js","statementMap":{"0":{"start":{"line":4,"column":32},"end":{"line":4,"column":50}},"1":{"start":{"line":5,"column":29},"end":{"line":5,"column":44}},"2":{"start":{"line":6,"column":27},"end":{"line":6,"column":40}},"3":{"start":{"line":7,"column":28},"end":{"line":7,"column":42}},"4":{"start":{"line":8,"column":28},"end":{"line":8,"column":42}},"5":{"start":{"line":9,"column":32},"end":{"line":9,"column":50}},"6":{"start":{"line":10,"column":32},"end":{"line":10,"column":50}},"7":{"start":{"line":11,"column":29},"end":{"line":11,"column":44}},"8":{"start":{"line":12,"column":27},"end":{"line":12,"column":40}},"9":{"start":{"line":13,"column":21},"end":{"line":13,"column":28}},"10":{"start":{"line":14,"column":27},"end":{"line":14,"column":40}},"11":{"start":{"line":18,"column":4},"end":{"line":18,"column":42}},"12":{"start":{"line":22,"column":4},"end":{"line":22,"column":39}},"13":{"start":{"line":26,"column":4},"end":{"line":26,"column":39}},"14":{"start":{"line":30,"column":4},"end":{"line":30,"column":36}},"15":{"start":{"line":34,"column":4},"end":{"line":34,"column":37}},"16":{"start":{"line":38,"column":4},"end":{"line":38,"column":41}},"17":{"start":{"line":42,"column":4},"end":{"line":42,"column":41}},"18":{"start":{"line":46,"column":4},"end":{"line":46,"column":40}},"19":{"start":{"line":50,"column":4},"end":{"line":50,"column":36}},"20":{"start":{"line":54,"column":4},"end":{"line":54,"column":24}},"21":{"start":{"line":58,"column":4},"end":{"line":58,"column":30}}},"fnMap":{"0":{"name":"requestArticles","decl":{"start":{"line":17,"column":16},"end":{"line":17,"column":31}},"loc":{"start":{"line":17,"column":39},"end":{"line":19,"column":1}},"line":17},"1":{"name":"requestUsers","decl":{"start":{"line":21,"column":16},"end":{"line":21,"column":28}},"loc":{"start":{"line":21,"column":36},"end":{"line":23,"column":1}},"line":21},"2":{"name":"updateUser","decl":{"start":{"line":25,"column":16},"end":{"line":25,"column":26}},"loc":{"start":{"line":25,"column":36},"end":{"line":27,"column":1}},"line":25},"3":{"name":"searchPosts","decl":{"start":{"line":29,"column":16},"end":{"line":29,"column":27}},"loc":{"start":{"line":29,"column":33},"end":{"line":31,"column":1}},"line":29},"4":{"name":"updatePosts","decl":{"start":{"line":33,"column":16},"end":{"line":33,"column":27}},"loc":{"start":{"line":33,"column":34},"end":{"line":35,"column":1}},"line":33},"5":{"name":"updateFollowing","decl":{"start":{"line":37,"column":16},"end":{"line":37,"column":31}},"loc":{"start":{"line":37,"column":38},"end":{"line":39,"column":1}},"line":37},"6":{"name":"deleteFollowing","decl":{"start":{"line":41,"column":16},"end":{"line":41,"column":31}},"loc":{"start":{"line":41,"column":38},"end":{"line":43,"column":1}},"line":41},"7":{"name":"updateStatus","decl":{"start":{"line":45,"column":16},"end":{"line":45,"column":28}},"loc":{"start":{"line":45,"column":37},"end":{"line":47,"column":1}},"line":45},"8":{"name":"updateInfo","decl":{"start":{"line":49,"column":16},"end":{"line":49,"column":26}},"loc":{"start":{"line":49,"column":33},"end":{"line":51,"column":1}},"line":49},"9":{"name":"login","decl":{"start":{"line":53,"column":16},"end":{"line":53,"column":21}},"loc":{"start":{"line":53,"column":24},"end":{"line":55,"column":1}},"line":53},"10":{"name":"logoutUser","decl":{"start":{"line":57,"column":16},"end":{"line":57,"column":26}},"loc":{"start":{"line":57,"column":29},"end":{"line":59,"column":1}},"line":57}},"branchMap":{},"s":{"0":1,"1":1,"2":1,"3":1,"4":1,"5":1,"6":1,"7":1,"8":1,"9":1,"10":1,"11":1,"12":4,"13":5,"14":1,"15":1,"16":1,"17":1,"18":1,"19":1,"20":0,"21":1},"f":{"0":1,"1":4,"2":5,"3":1,"4":1,"5":1,"6":1,"7":1,"8":1,"9":0,"10":1},"b":{},"_coverageSchema":"1a1c01bbd47fc00a2c39e90264f33305004495a9","hash":"bd98c010e6af4205ffa05779c4f0b373bf3af3fa"}
,"/Users/yjkuo/Desktop/Rice/COMP531/hw5/src/app/reducers/reducers.js": {"path":"/Users/yjkuo/Desktop/Rice/COMP531/hw5/src/app/reducers/reducers.js","statementMap":{"0":{"start":{"line":3,"column":21},"end":{"line":12,"column":1}},"1":{"start":{"line":14,"column":17},"end":{"line":14,"column":50}},"2":{"start":{"line":15,"column":4},"end":{"line":15,"column":37}},"3":{"start":{"line":15,"column":13},"end":{"line":15,"column":37}},"4":{"start":{"line":16,"column":4},"end":{"line":16,"column":24}},"5":{"start":{"line":21,"column":4},"end":{"line":122,"column":5}},"6":{"start":{"line":23,"column":24},"end":{"line":23,"column":34}},"7":{"start":{"line":24,"column":23},"end":{"line":24,"column":91}},"8":{"start":{"line":25,"column":30},"end":{"line":25,"column":126}},"9":{"start":{"line":25,"column":53},"end":{"line":25,"column":124}},"10":{"start":{"line":26,"column":12},"end":{"line":26,"column":53}},"11":{"start":{"line":28,"column":12},"end":{"line":28,"column":53}},"12":{"start":{"line":28,"column":40},"end":{"line":28,"column":53}},"13":{"start":{"line":29,"column":27},"end":{"line":29,"column":143}},"14":{"start":{"line":29,"column":50},"end":{"line":29,"column":141}},"15":{"start":{"line":30,"column":12},"end":{"line":30,"column":47}},"16":{"start":{"line":32,"column":12},"end":{"line":38,"column":13}},"17":{"start":{"line":33,"column":16},"end":{"line":37,"column":17}},"18":{"start":{"line":39,"column":12},"end":{"line":58,"column":13}},"19":{"start":{"line":40,"column":31},"end":{"line":40,"column":89}},"20":{"start":{"line":40,"column":58},"end":{"line":40,"column":88}},"21":{"start":{"line":41,"column":34},"end":{"line":41,"column":109}},"22":{"start":{"line":41,"column":58},"end":{"line":41,"column":84}},"23":{"start":{"line":41,"column":95},"end":{"line":41,"column":105}},"24":{"start":{"line":42,"column":32},"end":{"line":42,"column":105}},"25":{"start":{"line":42,"column":56},"end":{"line":42,"column":82}},"26":{"start":{"line":42,"column":93},"end":{"line":42,"column":101}},"27":{"start":{"line":43,"column":30},"end":{"line":43,"column":95}},"28":{"start":{"line":44,"column":26},"end":{"line":44,"column":125}},"29":{"start":{"line":44,"column":105},"end":{"line":44,"column":124}},"30":{"start":{"line":45,"column":28},"end":{"line":45,"column":71}},"31":{"start":{"line":45,"column":52},"end":{"line":45,"column":70}},"32":{"start":{"line":46,"column":26},"end":{"line":46,"column":76}},"33":{"start":{"line":46,"column":53},"end":{"line":46,"column":75}},"34":{"start":{"line":47,"column":16},"end":{"line":47,"column":48}},"35":{"start":{"line":49,"column":16},"end":{"line":55,"column":17}},"36":{"start":{"line":57,"column":16},"end":{"line":57,"column":53}},"37":{"start":{"line":61,"column":27},"end":{"line":61,"column":57}},"38":{"start":{"line":61,"column":52},"end":{"line":61,"column":56}},"39":{"start":{"line":62,"column":24},"end":{"line":62,"column":109}},"40":{"start":{"line":62,"column":51},"end":{"line":62,"column":108}},"41":{"start":{"line":63,"column":12},"end":{"line":63,"column":99}},"42":{"start":{"line":63,"column":39},"end":{"line":63,"column":97}},"43":{"start":{"line":64,"column":12},"end":{"line":64,"column":45}},"44":{"start":{"line":67,"column":22},"end":{"line":67,"column":32}},"45":{"start":{"line":68,"column":26},"end":{"line":68,"column":88}},"46":{"start":{"line":69,"column":23},"end":{"line":76,"column":25}},"47":{"start":{"line":77,"column":12},"end":{"line":77,"column":99}},"48":{"start":{"line":80,"column":12},"end":{"line":80,"column":97}},"49":{"start":{"line":80,"column":44},"end":{"line":80,"column":70}},"50":{"start":{"line":80,"column":84},"end":{"line":80,"column":97}},"51":{"start":{"line":81,"column":27},"end":{"line":81,"column":81}},"52":{"start":{"line":81,"column":51},"end":{"line":81,"column":77}},"53":{"start":{"line":83,"column":31},"end":{"line":83,"column":61}},"54":{"start":{"line":84,"column":31},"end":{"line":84,"column":83}},"55":{"start":{"line":84,"column":58},"end":{"line":84,"column":82}},"56":{"start":{"line":85,"column":12},"end":{"line":85,"column":97}},"57":{"start":{"line":88,"column":22},"end":{"line":88,"column":71}},"58":{"start":{"line":88,"column":50},"end":{"line":88,"column":70}},"59":{"start":{"line":89,"column":27},"end":{"line":89,"column":76}},"60":{"start":{"line":89,"column":51},"end":{"line":89,"column":75}},"61":{"start":{"line":90,"column":12},"end":{"line":90,"column":64}},"62":{"start":{"line":93,"column":26},"end":{"line":93,"column":76}},"63":{"start":{"line":93,"column":53},"end":{"line":93,"column":75}},"64":{"start":{"line":94,"column":27},"end":{"line":95,"column":75}},"65":{"start":{"line":94,"column":56},"end":{"line":95,"column":74}},"66":{"start":{"line":96,"column":27},"end":{"line":98,"column":44}},"67":{"start":{"line":99,"column":12},"end":{"line":99,"column":71}},"68":{"start":{"line":100,"column":12},"end":{"line":102,"column":32}},"69":{"start":{"line":104,"column":12},"end":{"line":104,"column":108}},"70":{"start":{"line":107,"column":25},"end":{"line":107,"column":58}},"71":{"start":{"line":108,"column":12},"end":{"line":108,"column":70}},"72":{"start":{"line":108,"column":21},"end":{"line":108,"column":70}},"73":{"start":{"line":109,"column":12},"end":{"line":109,"column":25}},"74":{"start":{"line":111,"column":27},"end":{"line":117,"column":35}},"75":{"start":{"line":118,"column":12},"end":{"line":118,"column":72}},"76":{"start":{"line":119,"column":12},"end":{"line":119,"column":28}},"77":{"start":{"line":121,"column":12},"end":{"line":121,"column":25}}},"fnMap":{"0":{"name":"getInitialState","decl":{"start":{"line":13,"column":9},"end":{"line":13,"column":24}},"loc":{"start":{"line":13,"column":27},"end":{"line":17,"column":1}},"line":13},"1":{"name":"socialApp","decl":{"start":{"line":20,"column":16},"end":{"line":20,"column":25}},"loc":{"start":{"line":20,"column":62},"end":{"line":123,"column":1}},"line":20},"2":{"name":"(anonymous_2)","decl":{"start":{"line":25,"column":47},"end":{"line":25,"column":48}},"loc":{"start":{"line":25,"column":53},"end":{"line":25,"column":124}},"line":25},"3":{"name":"(anonymous_3)","decl":{"start":{"line":29,"column":44},"end":{"line":29,"column":45}},"loc":{"start":{"line":29,"column":50},"end":{"line":29,"column":141}},"line":29},"4":{"name":"(anonymous_4)","decl":{"start":{"line":40,"column":53},"end":{"line":40,"column":54}},"loc":{"start":{"line":40,"column":58},"end":{"line":40,"column":88}},"line":40},"5":{"name":"(anonymous_5)","decl":{"start":{"line":41,"column":53},"end":{"line":41,"column":54}},"loc":{"start":{"line":41,"column":58},"end":{"line":41,"column":84}},"line":41},"6":{"name":"(anonymous_6)","decl":{"start":{"line":41,"column":90},"end":{"line":41,"column":91}},"loc":{"start":{"line":41,"column":95},"end":{"line":41,"column":105}},"line":41},"7":{"name":"(anonymous_7)","decl":{"start":{"line":42,"column":51},"end":{"line":42,"column":52}},"loc":{"start":{"line":42,"column":56},"end":{"line":42,"column":82}},"line":42},"8":{"name":"(anonymous_8)","decl":{"start":{"line":42,"column":88},"end":{"line":42,"column":89}},"loc":{"start":{"line":42,"column":93},"end":{"line":42,"column":101}},"line":42},"9":{"name":"(anonymous_9)","decl":{"start":{"line":44,"column":100},"end":{"line":44,"column":101}},"loc":{"start":{"line":44,"column":105},"end":{"line":44,"column":124}},"line":44},"10":{"name":"(anonymous_10)","decl":{"start":{"line":45,"column":47},"end":{"line":45,"column":48}},"loc":{"start":{"line":45,"column":52},"end":{"line":45,"column":70}},"line":45},"11":{"name":"(anonymous_11)","decl":{"start":{"line":46,"column":48},"end":{"line":46,"column":49}},"loc":{"start":{"line":46,"column":53},"end":{"line":46,"column":75}},"line":46},"12":{"name":"(anonymous_12)","decl":{"start":{"line":61,"column":47},"end":{"line":61,"column":48}},"loc":{"start":{"line":61,"column":52},"end":{"line":61,"column":56}},"line":61},"13":{"name":"(anonymous_13)","decl":{"start":{"line":62,"column":46},"end":{"line":62,"column":47}},"loc":{"start":{"line":62,"column":51},"end":{"line":62,"column":108}},"line":62},"14":{"name":"(anonymous_14)","decl":{"start":{"line":63,"column":33},"end":{"line":63,"column":34}},"loc":{"start":{"line":63,"column":39},"end":{"line":63,"column":97}},"line":63},"15":{"name":"(anonymous_15)","decl":{"start":{"line":80,"column":39},"end":{"line":80,"column":40}},"loc":{"start":{"line":80,"column":44},"end":{"line":80,"column":70}},"line":80},"16":{"name":"(anonymous_16)","decl":{"start":{"line":81,"column":46},"end":{"line":81,"column":47}},"loc":{"start":{"line":81,"column":51},"end":{"line":81,"column":77}},"line":81},"17":{"name":"(anonymous_17)","decl":{"start":{"line":84,"column":53},"end":{"line":84,"column":54}},"loc":{"start":{"line":84,"column":58},"end":{"line":84,"column":82}},"line":84},"18":{"name":"(anonymous_18)","decl":{"start":{"line":88,"column":45},"end":{"line":88,"column":46}},"loc":{"start":{"line":88,"column":50},"end":{"line":88,"column":70}},"line":88},"19":{"name":"(anonymous_19)","decl":{"start":{"line":89,"column":46},"end":{"line":89,"column":47}},"loc":{"start":{"line":89,"column":51},"end":{"line":89,"column":75}},"line":89},"20":{"name":"(anonymous_20)","decl":{"start":{"line":93,"column":48},"end":{"line":93,"column":49}},"loc":{"start":{"line":93,"column":53},"end":{"line":93,"column":75}},"line":93},"21":{"name":"(anonymous_21)","decl":{"start":{"line":94,"column":43},"end":{"line":94,"column":44}},"loc":{"start":{"line":94,"column":56},"end":{"line":95,"column":74}},"line":94}},"branchMap":{"0":{"loc":{"start":{"line":15,"column":4},"end":{"line":15,"column":37}},"type":"if","locations":[{"start":{"line":15,"column":4},"end":{"line":15,"column":37}},{"start":{},"end":{}}],"line":15},"1":{"loc":{"start":{"line":20,"column":27},"end":{"line":20,"column":52}},"type":"default-arg","locations":[{"start":{"line":20,"column":35},"end":{"line":20,"column":52}}],"line":20},"2":{"loc":{"start":{"line":21,"column":4},"end":{"line":122,"column":5}},"type":"switch","locations":[{"start":{"line":22,"column":8},"end":{"line":26,"column":53}},{"start":{"line":27,"column":8},"end":{"line":30,"column":47}},{"start":{"line":31,"column":8},"end":{"line":58,"column":13}},{"start":{"line":60,"column":8},"end":{"line":64,"column":45}},{"start":{"line":66,"column":8},"end":{"line":77,"column":99}},{"start":{"line":79,"column":8},"end":{"line":85,"column":97}},{"start":{"line":87,"column":8},"end":{"line":90,"column":64}},{"start":{"line":92,"column":8},"end":{"line":102,"column":32}},{"start":{"line":103,"column":8},"end":{"line":104,"column":108}},{"start":{"line":106,"column":8},"end":{"line":109,"column":25}},{"start":{"line":110,"column":8},"end":{"line":119,"column":28}},{"start":{"line":120,"column":8},"end":{"line":121,"column":25}}],"line":21},"3":{"loc":{"start":{"line":28,"column":12},"end":{"line":28,"column":53}},"type":"if","locations":[{"start":{"line":28,"column":12},"end":{"line":28,"column":53}},{"start":{},"end":{}}],"line":28},"4":{"loc":{"start":{"line":32,"column":12},"end":{"line":38,"column":13}},"type":"if","locations":[{"start":{"line":32,"column":12},"end":{"line":38,"column":13}},{"start":{},"end":{}}],"line":32},"5":{"loc":{"start":{"line":39,"column":12},"end":{"line":58,"column":13}},"type":"if","locations":[{"start":{"line":39,"column":12},"end":{"line":58,"column":13}},{"start":{"line":56,"column":19},"end":{"line":58,"column":13}}],"line":39},"6":{"loc":{"start":{"line":44,"column":105},"end":{"line":44,"column":124}},"type":"cond-expr","locations":[{"start":{"line":44,"column":114},"end":{"line":44,"column":120}},{"start":{"line":44,"column":123},"end":{"line":44,"column":124}}],"line":44},"7":{"loc":{"start":{"line":62,"column":51},"end":{"line":62,"column":108}},"type":"binary-expr","locations":[{"start":{"line":62,"column":51},"end":{"line":62,"column":77}},{"start":{"line":62,"column":81},"end":{"line":62,"column":108}}],"line":62},"8":{"loc":{"start":{"line":63,"column":39},"end":{"line":63,"column":97}},"type":"binary-expr","locations":[{"start":{"line":63,"column":39},"end":{"line":63,"column":66}},{"start":{"line":63,"column":70},"end":{"line":63,"column":97}}],"line":63},"9":{"loc":{"start":{"line":80,"column":12},"end":{"line":80,"column":97}},"type":"if","locations":[{"start":{"line":80,"column":12},"end":{"line":80,"column":97}},{"start":{},"end":{}}],"line":80},"10":{"loc":{"start":{"line":94,"column":56},"end":{"line":95,"column":74}},"type":"cond-expr","locations":[{"start":{"line":94,"column":70},"end":{"line":94,"column":102}},{"start":{"line":95,"column":70},"end":{"line":95,"column":74}}],"line":94},"11":{"loc":{"start":{"line":108,"column":12},"end":{"line":108,"column":70}},"type":"if","locations":[{"start":{"line":108,"column":12},"end":{"line":108,"column":70}},{"start":{},"end":{}}],"line":108}},"s":{"0":1,"1":7,"2":7,"3":4,"4":3,"5":17,"6":1,"7":1,"8":1,"9":100,"10":1,"11":4,"12":2,"13":2,"14":20,"15":2,"16":5,"17":0,"18":5,"19":4,"20":100,"21":4,"22":40,"23":4,"24":4,"25":40,"26":4,"27":4,"28":4,"29":12,"30":4,"31":40,"32":4,"33":100,"34":4,"35":4,"36":1,"37":1,"38":3,"39":1,"40":100,"41":1,"42":40,"43":1,"44":1,"45":1,"46":1,"47":1,"48":1,"49":3,"50":0,"51":1,"52":10,"53":1,"54":1,"55":100,"56":1,"57":1,"58":4,"59":1,"60":20,"61":1,"62":1,"63":10,"64":1,"65":10,"66":1,"67":1,"68":1,"69":1,"70":0,"71":0,"72":0,"73":0,"74":1,"75":1,"76":1,"77":0},"f":{"0":7,"1":17,"2":100,"3":20,"4":100,"5":40,"6":4,"7":40,"8":4,"9":12,"10":40,"11":100,"12":3,"13":100,"14":40,"15":3,"16":10,"17":100,"18":4,"19":20,"20":10,"21":10},"b":{"0":[4,3],"1":[7],"2":[1,4,5,1,1,1,1,1,1,0,1,0],"3":[2,2],"4":[0,5],"5":[4,1],"6":[0,12],"7":[100,90],"8":[40,40],"9":[0,1],"10":[0,10],"11":[0,0]},"_coverageSchema":"1a1c01bbd47fc00a2c39e90264f33305004495a9","hash":"189e33fc039aef479b1a7a9fcf83d2f43815440c"}
}
