TN:
SF:src/app/reducers/actions.js
FN:17,requestArticles
FN:21,requestUsers
FN:25,updateUser
FN:29,searchPosts
FN:33,updatePosts
FN:37,updateFollowing
FN:41,deleteFollowing
FN:45,updateStatus
FN:49,updateInfo
FN:53,login
FN:57,logoutUser
FNF:11
FNH:10
FNDA:1,requestArticles
FNDA:4,requestUsers
FNDA:5,updateUser
FNDA:1,searchPosts
FNDA:1,updatePosts
FNDA:1,updateFollowing
FNDA:1,deleteFollowing
FNDA:1,updateStatus
FNDA:1,updateInfo
FNDA:0,login
FNDA:1,logoutUser
DA:4,1
DA:5,1
DA:6,1
DA:7,1
DA:8,1
DA:9,1
DA:10,1
DA:11,1
DA:12,1
DA:13,1
DA:14,1
DA:18,1
DA:22,4
DA:26,5
DA:30,1
DA:34,1
DA:38,1
DA:42,1
DA:46,1
DA:50,1
DA:54,0
DA:58,1
LF:22
LH:21
BRF:0
BRH:0
end_of_record
TN:
SF:src/app/reducers/reducers.js
FN:13,getInitialState
FN:20,socialApp
FN:25,(anonymous_2)
FN:29,(anonymous_3)
FN:40,(anonymous_4)
FN:41,(anonymous_5)
FN:41,(anonymous_6)
FN:42,(anonymous_7)
FN:42,(anonymous_8)
FN:44,(anonymous_9)
FN:45,(anonymous_10)
FN:46,(anonymous_11)
FN:61,(anonymous_12)
FN:62,(anonymous_13)
FN:63,(anonymous_14)
FN:80,(anonymous_15)
FN:81,(anonymous_16)
FN:84,(anonymous_17)
FN:88,(anonymous_18)
FN:89,(anonymous_19)
FN:93,(anonymous_20)
FN:94,(anonymous_21)
FNF:22
FNH:22
FNDA:7,getInitialState
FNDA:17,socialApp
FNDA:100,(anonymous_2)
FNDA:20,(anonymous_3)
FNDA:100,(anonymous_4)
FNDA:40,(anonymous_5)
FNDA:4,(anonymous_6)
FNDA:40,(anonymous_7)
FNDA:4,(anonymous_8)
FNDA:12,(anonymous_9)
FNDA:40,(anonymous_10)
FNDA:100,(anonymous_11)
FNDA:3,(anonymous_12)
FNDA:100,(anonymous_13)
FNDA:40,(anonymous_14)
FNDA:3,(anonymous_15)
FNDA:10,(anonymous_16)
FNDA:100,(anonymous_17)
FNDA:4,(anonymous_18)
FNDA:20,(anonymous_19)
FNDA:10,(anonymous_20)
FNDA:10,(anonymous_21)
DA:3,1
DA:14,7
DA:15,7
DA:16,3
DA:21,17
DA:23,1
DA:24,1
DA:25,100
DA:26,1
DA:28,4
DA:29,20
DA:30,2
DA:32,5
DA:33,0
DA:39,5
DA:40,100
DA:41,40
DA:42,40
DA:43,4
DA:44,12
DA:45,40
DA:46,100
DA:47,4
DA:49,4
DA:57,1
DA:61,3
DA:62,100
DA:63,40
DA:64,1
DA:67,1
DA:68,1
DA:69,1
DA:77,1
DA:80,3
DA:81,10
DA:83,1
DA:84,100
DA:85,1
DA:88,4
DA:89,20
DA:90,1
DA:93,10
DA:94,10
DA:96,1
DA:99,1
DA:100,1
DA:104,1
DA:107,0
DA:108,0
DA:109,0
DA:111,1
DA:118,1
DA:119,1
DA:121,0
LF:54
LH:49
BRDA:15,0,0,4
BRDA:15,0,1,3
BRDA:20,1,0,7
BRDA:21,2,0,1
BRDA:21,2,1,4
BRDA:21,2,2,5
BRDA:21,2,3,1
BRDA:21,2,4,1
BRDA:21,2,5,1
BRDA:21,2,6,1
BRDA:21,2,7,1
BRDA:21,2,8,1
BRDA:21,2,9,0
BRDA:21,2,10,1
BRDA:21,2,11,0
BRDA:28,3,0,2
BRDA:28,3,1,2
BRDA:32,4,0,0
BRDA:32,4,1,5
BRDA:39,5,0,4
BRDA:39,5,1,1
BRDA:44,6,0,0
BRDA:44,6,1,12
BRDA:62,7,0,100
BRDA:62,7,1,90
BRDA:63,8,0,40
BRDA:63,8,1,40
BRDA:80,9,0,0
BRDA:80,9,1,1
BRDA:94,10,0,0
BRDA:94,10,1,10
BRDA:108,11,0,0
BRDA:108,11,1,0
BRF:33
BRH:25
end_of_record
